<?xml version="1.0" encoding="UTF-8"?>
<!-- Generated by org.testng.reporters.JUnitReportReporter -->
<testsuite hostname="praveena-PC" name="sample_package.Sample_Class" tests="1" failures="0" timestamp="20 Sep 2019 02:26:54 GMT" time="24.386" errors="0">
  <testcase name="launchbrowser" time="24.386" classname="sample_package.Sample_Class"/>
</testsuite> <!-- sample_package.Sample_Class -->
